2022/11/07 09:58:32 [notice] 1#1: using the "epoll" event method
2022/11/07 09:58:32 [notice] 1#1: nginx/1.23.2
2022/11/07 09:58:32 [notice] 1#1: built by gcc 10.2.1 20210110 (Debian 10.2.1-6) 
2022/11/07 09:58:32 [notice] 1#1: OS: Linux 5.15.0-52-generic
2022/11/07 09:58:32 [notice] 1#1: getrlimit(RLIMIT_NOFILE): 1048576:1048576
2022/11/07 09:58:32 [notice] 1#1: start worker processes
2022/11/07 09:58:32 [notice] 1#1: start worker process 20
2022/11/07 09:58:32 [notice] 1#1: start worker process 21
2022/11/07 09:58:32 [notice] 1#1: start worker process 22
2022/11/07 09:58:32 [notice] 1#1: start worker process 23
2022/11/07 09:58:32 [notice] 1#1: start worker process 24
2022/11/07 09:58:32 [notice] 1#1: start worker process 25
2022/11/07 10:04:43 [notice] 1#1: signal 3 (SIGQUIT) received, shutting down
2022/11/07 10:04:43 [notice] 20#20: gracefully shutting down
2022/11/07 10:04:43 [notice] 22#22: gracefully shutting down
2022/11/07 10:04:43 [notice] 21#21: gracefully shutting down
2022/11/07 10:04:43 [notice] 20#20: exiting
2022/11/07 10:04:43 [notice] 24#24: gracefully shutting down
2022/11/07 10:04:43 [notice] 21#21: exiting
2022/11/07 10:04:43 [notice] 22#22: exiting
2022/11/07 10:04:43 [notice] 24#24: exiting
2022/11/07 10:04:43 [notice] 20#20: exit
2022/11/07 10:04:43 [notice] 21#21: exit
2022/11/07 10:04:43 [notice] 22#22: exit
2022/11/07 10:04:43 [notice] 24#24: exit
2022/11/07 10:04:43 [notice] 23#23: gracefully shutting down
2022/11/07 10:04:43 [notice] 25#25: gracefully shutting down
2022/11/07 10:04:43 [notice] 23#23: exiting
2022/11/07 10:04:43 [notice] 23#23: exit
2022/11/07 10:04:43 [notice] 25#25: exiting
2022/11/07 10:04:43 [notice] 25#25: exit
2022/11/07 10:04:43 [notice] 1#1: signal 17 (SIGCHLD) received from 21
2022/11/07 10:04:43 [notice] 1#1: worker process 21 exited with code 0
2022/11/07 10:04:43 [notice] 1#1: signal 29 (SIGIO) received
2022/11/07 10:04:43 [notice] 1#1: signal 17 (SIGCHLD) received from 20
2022/11/07 10:04:43 [notice] 1#1: worker process 20 exited with code 0
2022/11/07 10:04:43 [notice] 1#1: worker process 22 exited with code 0
2022/11/07 10:04:43 [notice] 1#1: worker process 24 exited with code 0
2022/11/07 10:04:43 [notice] 1#1: worker process 25 exited with code 0
2022/11/07 10:04:43 [notice] 1#1: signal 29 (SIGIO) received
2022/11/07 10:04:43 [notice] 1#1: signal 17 (SIGCHLD) received from 22
2022/11/07 10:04:43 [notice] 1#1: signal 17 (SIGCHLD) received from 23
2022/11/07 10:04:43 [notice] 1#1: worker process 23 exited with code 0
2022/11/07 10:04:43 [notice] 1#1: exit
2022/11/07 10:05:06 [notice] 1#1: using the "epoll" event method
2022/11/07 10:05:06 [notice] 1#1: nginx/1.23.2
2022/11/07 10:05:06 [notice] 1#1: built by gcc 10.2.1 20210110 (Debian 10.2.1-6) 
2022/11/07 10:05:06 [notice] 1#1: OS: Linux 5.15.0-52-generic
2022/11/07 10:05:06 [notice] 1#1: getrlimit(RLIMIT_NOFILE): 1048576:1048576
2022/11/07 10:05:06 [notice] 1#1: start worker processes
2022/11/07 10:05:06 [notice] 1#1: start worker process 20
2022/11/07 10:05:06 [notice] 1#1: start worker process 21
2022/11/07 10:05:06 [notice] 1#1: start worker process 22
2022/11/07 10:05:06 [notice] 1#1: start worker process 23
2022/11/07 10:05:06 [notice] 1#1: start worker process 24
2022/11/07 10:05:06 [notice] 1#1: start worker process 25
2022/11/07 10:06:24 [notice] 1#1: signal 3 (SIGQUIT) received, shutting down
2022/11/07 10:06:24 [notice] 20#20: gracefully shutting down
2022/11/07 10:06:24 [notice] 21#21: gracefully shutting down
2022/11/07 10:06:24 [notice] 22#22: gracefully shutting down
2022/11/07 10:06:24 [notice] 24#24: gracefully shutting down
2022/11/07 10:06:24 [notice] 22#22: exiting
2022/11/07 10:06:24 [notice] 21#21: exiting
2022/11/07 10:06:24 [notice] 20#20: exiting
2022/11/07 10:06:24 [notice] 24#24: exiting
2022/11/07 10:06:24 [notice] 21#21: exit
2022/11/07 10:06:24 [notice] 20#20: exit
2022/11/07 10:06:24 [notice] 22#22: exit
2022/11/07 10:06:24 [notice] 24#24: exit
2022/11/07 10:06:24 [notice] 25#25: gracefully shutting down
2022/11/07 10:06:24 [notice] 25#25: exiting
2022/11/07 10:06:24 [notice] 23#23: gracefully shutting down
2022/11/07 10:06:24 [notice] 23#23: exiting
2022/11/07 10:06:24 [notice] 25#25: exit
2022/11/07 10:06:24 [notice] 23#23: exit
2022/11/07 10:06:24 [notice] 1#1: signal 17 (SIGCHLD) received from 24
2022/11/07 10:06:24 [notice] 1#1: worker process 24 exited with code 0
2022/11/07 10:06:24 [notice] 1#1: signal 29 (SIGIO) received
2022/11/07 10:06:24 [notice] 1#1: signal 17 (SIGCHLD) received from 20
2022/11/07 10:06:24 [notice] 1#1: worker process 20 exited with code 0
2022/11/07 10:06:24 [notice] 1#1: worker process 22 exited with code 0
2022/11/07 10:06:24 [notice] 1#1: worker process 23 exited with code 0
2022/11/07 10:06:24 [notice] 1#1: signal 29 (SIGIO) received
2022/11/07 10:06:24 [notice] 1#1: signal 17 (SIGCHLD) received from 25
2022/11/07 10:06:24 [notice] 1#1: worker process 25 exited with code 0
2022/11/07 10:06:24 [notice] 1#1: signal 29 (SIGIO) received
2022/11/07 10:06:24 [notice] 1#1: signal 17 (SIGCHLD) received from 21
2022/11/07 10:06:24 [notice] 1#1: worker process 21 exited with code 0
2022/11/07 10:06:24 [notice] 1#1: exit
2022/11/07 10:12:26 [notice] 1#1: using the "epoll" event method
2022/11/07 10:12:26 [notice] 1#1: nginx/1.23.2
2022/11/07 10:12:26 [notice] 1#1: built by gcc 10.2.1 20210110 (Debian 10.2.1-6) 
2022/11/07 10:12:26 [notice] 1#1: OS: Linux 5.15.0-52-generic
2022/11/07 10:12:26 [notice] 1#1: getrlimit(RLIMIT_NOFILE): 1048576:1048576
2022/11/07 10:12:26 [notice] 1#1: start worker processes
2022/11/07 10:12:26 [notice] 1#1: start worker process 20
2022/11/07 10:12:26 [notice] 1#1: start worker process 21
2022/11/07 10:12:26 [notice] 1#1: start worker process 22
2022/11/07 10:12:26 [notice] 1#1: start worker process 23
2022/11/07 10:12:26 [notice] 1#1: start worker process 24
2022/11/07 10:12:26 [notice] 1#1: start worker process 25
2022/11/07 10:14:48 [notice] 1#1: signal 3 (SIGQUIT) received, shutting down
2022/11/07 10:14:48 [notice] 20#20: gracefully shutting down
2022/11/07 10:14:48 [notice] 22#22: gracefully shutting down
2022/11/07 10:14:48 [notice] 21#21: gracefully shutting down
2022/11/07 10:14:48 [notice] 24#24: gracefully shutting down
2022/11/07 10:14:48 [notice] 22#22: exiting
2022/11/07 10:14:48 [notice] 24#24: exiting
2022/11/07 10:14:48 [notice] 23#23: gracefully shutting down
2022/11/07 10:14:48 [notice] 21#21: exiting
2022/11/07 10:14:48 [notice] 25#25: gracefully shutting down
2022/11/07 10:14:48 [notice] 24#24: exit
2022/11/07 10:14:48 [notice] 22#22: exit
2022/11/07 10:14:48 [notice] 23#23: exiting
2022/11/07 10:14:48 [notice] 21#21: exit
2022/11/07 10:14:48 [notice] 23#23: exit
2022/11/07 10:14:48 [notice] 25#25: exiting
2022/11/07 10:14:48 [notice] 25#25: exit
2022/11/07 10:14:48 [notice] 1#1: signal 17 (SIGCHLD) received from 25
2022/11/07 10:14:48 [notice] 1#1: worker process 25 exited with code 0
2022/11/07 10:14:48 [notice] 1#1: signal 29 (SIGIO) received
2022/11/07 10:14:48 [notice] 1#1: signal 17 (SIGCHLD) received from 21
2022/11/07 10:14:48 [notice] 1#1: worker process 21 exited with code 0
2022/11/07 10:14:48 [notice] 1#1: signal 29 (SIGIO) received
2022/11/07 10:14:48 [notice] 1#1: signal 17 (SIGCHLD) received from 22
2022/11/07 10:14:48 [notice] 1#1: worker process 22 exited with code 0
2022/11/07 10:14:48 [notice] 1#1: worker process 23 exited with code 0
2022/11/07 10:14:48 [notice] 1#1: signal 29 (SIGIO) received
2022/11/07 10:14:48 [notice] 1#1: signal 17 (SIGCHLD) received from 24
2022/11/07 10:14:48 [notice] 1#1: worker process 24 exited with code 0
2022/11/07 10:14:48 [notice] 1#1: signal 29 (SIGIO) received
2022/11/07 10:16:49 [notice] 1#1: using the "epoll" event method
2022/11/07 10:16:49 [notice] 1#1: nginx/1.23.2
2022/11/07 10:16:49 [notice] 1#1: built by gcc 10.2.1 20210110 (Debian 10.2.1-6) 
2022/11/07 10:16:49 [notice] 1#1: OS: Linux 5.15.0-52-generic
2022/11/07 10:16:49 [notice] 1#1: getrlimit(RLIMIT_NOFILE): 1048576:1048576
2022/11/07 10:16:49 [notice] 1#1: start worker processes
2022/11/07 10:16:49 [notice] 1#1: start worker process 20
2022/11/07 10:16:49 [notice] 1#1: start worker process 21
2022/11/07 10:16:49 [notice] 1#1: start worker process 22
2022/11/07 10:16:49 [notice] 1#1: start worker process 23
2022/11/07 10:16:49 [notice] 1#1: start worker process 24
2022/11/07 10:16:49 [notice] 1#1: start worker process 25
2022/11/07 10:18:00 [notice] 1#1: signal 3 (SIGQUIT) received, shutting down
2022/11/07 10:18:00 [notice] 20#20: gracefully shutting down
2022/11/07 10:18:00 [notice] 21#21: gracefully shutting down
2022/11/07 10:18:00 [notice] 20#20: exiting
2022/11/07 10:18:00 [notice] 21#21: exiting
2022/11/07 10:18:00 [notice] 23#23: gracefully shutting down
2022/11/07 10:18:00 [notice] 22#22: gracefully shutting down
2022/11/07 10:18:00 [notice] 23#23: exiting
2022/11/07 10:18:00 [notice] 20#20: exit
2022/11/07 10:18:00 [notice] 21#21: exit
2022/11/07 10:18:00 [notice] 24#24: gracefully shutting down
2022/11/07 10:18:00 [notice] 22#22: exiting
2022/11/07 10:18:00 [notice] 24#24: exiting
2022/11/07 10:18:00 [notice] 23#23: exit
2022/11/07 10:18:00 [notice] 22#22: exit
2022/11/07 10:18:00 [notice] 24#24: exit
2022/11/07 10:18:00 [notice] 25#25: gracefully shutting down
2022/11/07 10:18:00 [notice] 25#25: exiting
2022/11/07 10:18:00 [notice] 25#25: exit
2022/11/07 10:18:00 [notice] 1#1: signal 17 (SIGCHLD) received from 21
2022/11/07 10:18:00 [notice] 1#1: worker process 21 exited with code 0
2022/11/07 10:18:00 [notice] 1#1: signal 29 (SIGIO) received
2022/11/07 10:18:00 [notice] 1#1: signal 17 (SIGCHLD) received from 23
2022/11/07 10:18:00 [notice] 1#1: worker process 23 exited with code 0
2022/11/07 10:18:00 [notice] 1#1: signal 29 (SIGIO) received
2022/11/07 10:18:00 [notice] 1#1: signal 17 (SIGCHLD) received from 20
2022/11/07 10:18:00 [notice] 1#1: worker process 20 exited with code 0
2022/11/07 10:18:00 [notice] 1#1: worker process 24 exited with code 0
2022/11/07 10:18:00 [notice] 1#1: worker process 22 exited with code 0
2022/11/07 10:18:00 [notice] 1#1: worker process 25 exited with code 0
2022/11/07 10:18:00 [notice] 1#1: exit
2022/11/07 10:18:18 [notice] 1#1: using the "epoll" event method
2022/11/07 10:18:18 [notice] 1#1: nginx/1.23.2
2022/11/07 10:18:18 [notice] 1#1: built by gcc 10.2.1 20210110 (Debian 10.2.1-6) 
2022/11/07 10:18:18 [notice] 1#1: OS: Linux 5.15.0-52-generic
2022/11/07 10:18:18 [notice] 1#1: getrlimit(RLIMIT_NOFILE): 1048576:1048576
2022/11/07 10:18:18 [notice] 1#1: start worker processes
2022/11/07 10:18:18 [notice] 1#1: start worker process 21
2022/11/07 10:18:18 [notice] 1#1: start worker process 22
2022/11/07 10:18:18 [notice] 1#1: start worker process 23
2022/11/07 10:18:18 [notice] 1#1: start worker process 24
2022/11/07 10:18:18 [notice] 1#1: start worker process 25
2022/11/07 10:18:18 [notice] 1#1: start worker process 26
2022/11/07 10:19:12 [notice] 1#1: signal 3 (SIGQUIT) received, shutting down
2022/11/07 10:19:12 [notice] 21#21: gracefully shutting down
2022/11/07 10:19:12 [notice] 22#22: gracefully shutting down
2022/11/07 10:19:12 [notice] 23#23: gracefully shutting down
2022/11/07 10:19:12 [notice] 24#24: gracefully shutting down
2022/11/07 10:19:12 [notice] 25#25: gracefully shutting down
2022/11/07 10:19:12 [notice] 25#25: exiting
2022/11/07 10:19:12 [notice] 23#23: exiting
2022/11/07 10:19:12 [notice] 24#24: exiting
2022/11/07 10:19:12 [notice] 26#26: gracefully shutting down
2022/11/07 10:19:12 [notice] 21#21: exiting
2022/11/07 10:19:12 [notice] 26#26: exiting
2022/11/07 10:19:12 [notice] 25#25: exit
2022/11/07 10:19:12 [notice] 23#23: exit
2022/11/07 10:19:12 [notice] 24#24: exit
2022/11/07 10:19:12 [notice] 21#21: exit
2022/11/07 10:19:12 [notice] 26#26: exit
2022/11/07 10:19:12 [notice] 1#1: signal 17 (SIGCHLD) received from 25
2022/11/07 10:19:12 [notice] 1#1: worker process 23 exited with code 0
2022/11/07 10:19:12 [notice] 1#1: worker process 24 exited with code 0
2022/11/07 10:19:12 [notice] 1#1: worker process 25 exited with code 0
2022/11/07 10:19:12 [notice] 1#1: worker process 26 exited with code 0
2022/11/07 10:19:12 [notice] 1#1: signal 29 (SIGIO) received
2022/11/07 10:19:12 [notice] 1#1: signal 17 (SIGCHLD) received from 24
2022/11/07 10:19:12 [notice] 1#1: signal 17 (SIGCHLD) received from 21
2022/11/07 10:19:12 [notice] 1#1: worker process 21 exited with code 0
2022/11/07 10:19:12 [notice] 1#1: signal 29 (SIGIO) received
2022/11/07 10:21:41 [notice] 1#1: using the "epoll" event method
2022/11/07 10:21:41 [notice] 1#1: nginx/1.23.2
2022/11/07 10:21:41 [notice] 1#1: built by gcc 10.2.1 20210110 (Debian 10.2.1-6) 
2022/11/07 10:21:41 [notice] 1#1: OS: Linux 5.15.0-52-generic
2022/11/07 10:21:41 [notice] 1#1: getrlimit(RLIMIT_NOFILE): 1048576:1048576
2022/11/07 10:21:41 [notice] 1#1: start worker processes
2022/11/07 10:21:41 [notice] 1#1: start worker process 20
2022/11/07 10:21:41 [notice] 1#1: start worker process 21
2022/11/07 10:21:41 [notice] 1#1: start worker process 22
2022/11/07 10:21:41 [notice] 1#1: start worker process 23
2022/11/07 10:21:41 [notice] 1#1: start worker process 24
2022/11/07 10:21:41 [notice] 1#1: start worker process 25
2022/11/07 10:22:32 [notice] 1#1: signal 3 (SIGQUIT) received, shutting down
2022/11/07 10:22:32 [notice] 20#20: gracefully shutting down
2022/11/07 10:22:32 [notice] 21#21: gracefully shutting down
2022/11/07 10:22:32 [notice] 22#22: gracefully shutting down
2022/11/07 10:22:32 [notice] 24#24: gracefully shutting down
2022/11/07 10:22:32 [notice] 23#23: gracefully shutting down
2022/11/07 10:22:32 [notice] 20#20: exiting
2022/11/07 10:22:32 [notice] 24#24: exiting
2022/11/07 10:22:32 [notice] 22#22: exiting
2022/11/07 10:22:32 [notice] 23#23: exiting
2022/11/07 10:22:32 [notice] 20#20: exit
2022/11/07 10:22:32 [notice] 24#24: exit
2022/11/07 10:22:32 [notice] 22#22: exit
2022/11/07 10:22:32 [notice] 23#23: exit
2022/11/07 10:22:32 [notice] 25#25: gracefully shutting down
2022/11/07 10:22:32 [notice] 25#25: exiting
2022/11/07 10:22:32 [notice] 25#25: exit
2022/11/07 10:22:32 [notice] 1#1: signal 17 (SIGCHLD) received from 23
2022/11/07 10:22:32 [notice] 1#1: worker process 23 exited with code 0
2022/11/07 10:22:32 [notice] 1#1: worker process 24 exited with code 0
2022/11/07 10:22:32 [notice] 1#1: signal 29 (SIGIO) received
2022/11/07 10:22:32 [notice] 1#1: signal 17 (SIGCHLD) received from 24
2022/11/07 10:22:32 [notice] 1#1: worker process 20 exited with code 0
2022/11/07 10:22:32 [notice] 1#1: signal 29 (SIGIO) received
2022/11/07 10:22:32 [notice] 1#1: signal 17 (SIGCHLD) received from 22
2022/11/07 10:22:32 [notice] 1#1: worker process 22 exited with code 0
2022/11/07 10:22:32 [notice] 1#1: signal 29 (SIGIO) received
2022/11/07 10:22:32 [notice] 1#1: signal 17 (SIGCHLD) received from 25
2022/11/07 10:22:32 [notice] 1#1: worker process 25 exited with code 0
2022/11/07 10:22:32 [notice] 1#1: signal 29 (SIGIO) received
2022/11/07 10:23:11 [notice] 1#1: using the "epoll" event method
2022/11/07 10:23:11 [notice] 1#1: nginx/1.23.2
2022/11/07 10:23:11 [notice] 1#1: built by gcc 10.2.1 20210110 (Debian 10.2.1-6) 
2022/11/07 10:23:11 [notice] 1#1: OS: Linux 5.15.0-52-generic
2022/11/07 10:23:11 [notice] 1#1: getrlimit(RLIMIT_NOFILE): 1048576:1048576
2022/11/07 10:23:11 [notice] 1#1: start worker processes
2022/11/07 10:23:11 [notice] 1#1: start worker process 20
2022/11/07 10:23:11 [notice] 1#1: start worker process 21
2022/11/07 10:23:11 [notice] 1#1: start worker process 22
2022/11/07 10:23:11 [notice] 1#1: start worker process 23
2022/11/07 10:23:11 [notice] 1#1: start worker process 24
2022/11/07 10:23:11 [notice] 1#1: start worker process 25
2022/11/07 11:33:03 [notice] 1#1: signal 3 (SIGQUIT) received, shutting down
2022/11/07 11:33:03 [notice] 21#21: gracefully shutting down
2022/11/07 11:33:03 [notice] 21#21: exiting
2022/11/07 11:33:03 [notice] 21#21: exit
2022/11/07 11:33:03 [notice] 23#23: gracefully shutting down
2022/11/07 11:33:03 [notice] 25#25: gracefully shutting down
2022/11/07 11:33:03 [notice] 23#23: exiting
2022/11/07 11:33:03 [notice] 25#25: exiting
2022/11/07 11:33:03 [notice] 25#25: exit
2022/11/07 11:33:03 [notice] 23#23: exit
2022/11/07 11:33:03 [notice] 20#20: gracefully shutting down
2022/11/07 11:33:03 [notice] 22#22: gracefully shutting down
2022/11/07 11:33:03 [notice] 20#20: exiting
2022/11/07 11:33:03 [notice] 22#22: exiting
2022/11/07 11:33:03 [notice] 20#20: exit
2022/11/07 11:33:03 [notice] 22#22: exit
2022/11/07 11:33:03 [notice] 24#24: gracefully shutting down
2022/11/07 11:33:03 [notice] 24#24: exiting
2022/11/07 11:33:03 [notice] 24#24: exit
2022/11/07 11:33:03 [notice] 1#1: signal 17 (SIGCHLD) received from 22
2022/11/07 11:33:03 [notice] 1#1: worker process 20 exited with code 0
2022/11/07 11:33:03 [notice] 1#1: worker process 22 exited with code 0
2022/11/07 11:33:03 [notice] 1#1: signal 29 (SIGIO) received
2022/11/07 11:33:03 [notice] 1#1: signal 17 (SIGCHLD) received from 23
2022/11/07 11:33:03 [notice] 1#1: worker process 23 exited with code 0
2022/11/07 11:33:03 [notice] 1#1: worker process 24 exited with code 0
2022/11/07 11:33:03 [notice] 1#1: worker process 25 exited with code 0
2022/11/07 11:33:03 [notice] 1#1: signal 29 (SIGIO) received
2022/11/07 11:33:03 [notice] 1#1: signal 17 (SIGCHLD) received from 21
2022/11/07 11:33:03 [notice] 1#1: worker process 21 exited with code 0
2022/11/07 11:33:03 [notice] 1#1: exit
2022/11/07 11:33:28 [notice] 1#1: using the "epoll" event method
2022/11/07 11:33:28 [notice] 1#1: nginx/1.23.2
2022/11/07 11:33:28 [notice] 1#1: built by gcc 10.2.1 20210110 (Debian 10.2.1-6) 
2022/11/07 11:33:28 [notice] 1#1: OS: Linux 5.15.0-52-generic
2022/11/07 11:33:28 [notice] 1#1: getrlimit(RLIMIT_NOFILE): 1048576:1048576
2022/11/07 11:33:28 [notice] 1#1: start worker processes
2022/11/07 11:33:28 [notice] 1#1: start worker process 20
2022/11/07 11:33:28 [notice] 1#1: start worker process 21
2022/11/07 11:33:28 [notice] 1#1: start worker process 22
2022/11/07 11:33:28 [notice] 1#1: start worker process 23
2022/11/07 11:33:28 [notice] 1#1: start worker process 24
2022/11/07 11:33:28 [notice] 1#1: start worker process 25
2022/11/07 11:34:57 [notice] 1#1: signal 3 (SIGQUIT) received, shutting down
2022/11/07 11:34:57 [notice] 20#20: gracefully shutting down
2022/11/07 11:34:57 [notice] 22#22: gracefully shutting down
2022/11/07 11:34:57 [notice] 20#20: exiting
2022/11/07 11:34:57 [notice] 22#22: exiting
2022/11/07 11:34:57 [notice] 24#24: gracefully shutting down
2022/11/07 11:34:57 [notice] 23#23: gracefully shutting down
2022/11/07 11:34:57 [notice] 25#25: gracefully shutting down
2022/11/07 11:34:57 [notice] 20#20: exit
2022/11/07 11:34:57 [notice] 24#24: exiting
2022/11/07 11:34:57 [notice] 22#22: exit
2022/11/07 11:34:57 [notice] 23#23: exiting
2022/11/07 11:34:57 [notice] 24#24: exit
2022/11/07 11:34:57 [notice] 23#23: exit
2022/11/07 11:34:57 [notice] 25#25: exiting
2022/11/07 11:34:57 [notice] 25#25: exit
2022/11/07 11:34:57 [notice] 21#21: gracefully shutting down
2022/11/07 11:34:57 [notice] 21#21: exiting
2022/11/07 11:34:57 [notice] 21#21: exit
2022/11/07 11:34:57 [notice] 1#1: signal 17 (SIGCHLD) received from 22
2022/11/07 11:34:57 [notice] 1#1: worker process 20 exited with code 0
2022/11/07 11:34:57 [notice] 1#1: worker process 21 exited with code 0
2022/11/07 11:34:57 [notice] 1#1: worker process 22 exited with code 0
2022/11/07 11:34:57 [notice] 1#1: signal 29 (SIGIO) received
2022/11/07 11:34:57 [notice] 1#1: signal 17 (SIGCHLD) received from 20
2022/11/07 11:34:57 [notice] 1#1: signal 17 (SIGCHLD) received from 23
2022/11/07 11:34:57 [notice] 1#1: worker process 23 exited with code 0
2022/11/07 11:34:57 [notice] 1#1: worker process 25 exited with code 0
2022/11/07 11:34:57 [notice] 1#1: signal 29 (SIGIO) received
2022/11/07 11:34:57 [notice] 1#1: signal 17 (SIGCHLD) received from 25
2022/11/07 11:34:57 [notice] 1#1: signal 17 (SIGCHLD) received from 24
2022/11/07 11:34:57 [notice] 1#1: worker process 24 exited with code 0
2022/11/07 11:34:57 [notice] 1#1: exit
2022/11/07 11:36:00 [notice] 1#1: using the "epoll" event method
2022/11/07 11:36:00 [notice] 1#1: nginx/1.23.2
2022/11/07 11:36:00 [notice] 1#1: built by gcc 10.2.1 20210110 (Debian 10.2.1-6) 
2022/11/07 11:36:00 [notice] 1#1: OS: Linux 5.15.0-52-generic
2022/11/07 11:36:00 [notice] 1#1: getrlimit(RLIMIT_NOFILE): 1048576:1048576
2022/11/07 11:36:00 [notice] 1#1: start worker processes
2022/11/07 11:36:00 [notice] 1#1: start worker process 20
2022/11/07 11:36:00 [notice] 1#1: start worker process 21
2022/11/07 11:36:00 [notice] 1#1: start worker process 22
2022/11/07 11:36:00 [notice] 1#1: start worker process 23
2022/11/07 11:36:00 [notice] 1#1: start worker process 24
2022/11/07 11:36:00 [notice] 1#1: start worker process 25
2022/11/07 11:42:19 [notice] 1#1: signal 3 (SIGQUIT) received, shutting down
2022/11/07 11:42:19 [notice] 24#24: gracefully shutting down
2022/11/07 11:42:19 [notice] 24#24: exiting
2022/11/07 11:42:19 [notice] 24#24: exit
2022/11/07 11:42:19 [notice] 21#21: gracefully shutting down
2022/11/07 11:42:19 [notice] 21#21: exiting
2022/11/07 11:42:19 [notice] 21#21: exit
2022/11/07 11:42:19 [notice] 22#22: gracefully shutting down
2022/11/07 11:42:19 [notice] 20#20: gracefully shutting down
2022/11/07 11:42:19 [notice] 22#22: exiting
2022/11/07 11:42:19 [notice] 20#20: exiting
2022/11/07 11:42:19 [notice] 22#22: exit
2022/11/07 11:42:19 [notice] 20#20: exit
2022/11/07 11:42:19 [notice] 25#25: gracefully shutting down
2022/11/07 11:42:19 [notice] 23#23: gracefully shutting down
2022/11/07 11:42:19 [notice] 25#25: exiting
2022/11/07 11:42:19 [notice] 25#25: exit
2022/11/07 11:42:19 [notice] 23#23: exiting
2022/11/07 11:42:19 [notice] 23#23: exit
2022/11/07 11:42:19 [notice] 1#1: signal 17 (SIGCHLD) received from 24
2022/11/07 11:42:19 [notice] 1#1: worker process 24 exited with code 0
2022/11/07 11:42:19 [notice] 1#1: signal 29 (SIGIO) received
2022/11/07 11:42:19 [notice] 1#1: signal 17 (SIGCHLD) received from 21
2022/11/07 11:42:19 [notice] 1#1: worker process 21 exited with code 0
2022/11/07 11:42:19 [notice] 1#1: worker process 22 exited with code 0
2022/11/07 11:42:19 [notice] 1#1: signal 29 (SIGIO) received
2022/11/07 11:42:19 [notice] 1#1: signal 17 (SIGCHLD) received from 22
2022/11/07 11:42:19 [notice] 1#1: worker process 20 exited with code 0
2022/11/07 11:42:19 [notice] 1#1: signal 29 (SIGIO) received
2022/11/07 11:42:19 [notice] 1#1: signal 17 (SIGCHLD) received from 25
2022/11/07 11:42:19 [notice] 1#1: worker process 25 exited with code 0
2022/11/07 11:42:19 [notice] 1#1: signal 29 (SIGIO) received
2022/11/07 11:42:19 [notice] 1#1: signal 17 (SIGCHLD) received from 23
2022/11/07 11:42:19 [notice] 1#1: worker process 23 exited with code 0
2022/11/07 11:42:19 [notice] 1#1: exit
2022/11/07 11:42:36 [notice] 1#1: using the "epoll" event method
2022/11/07 11:42:36 [notice] 1#1: nginx/1.23.2
2022/11/07 11:42:36 [notice] 1#1: built by gcc 10.2.1 20210110 (Debian 10.2.1-6) 
2022/11/07 11:42:36 [notice] 1#1: OS: Linux 5.15.0-52-generic
2022/11/07 11:42:36 [notice] 1#1: getrlimit(RLIMIT_NOFILE): 1048576:1048576
2022/11/07 11:42:36 [notice] 1#1: start worker processes
2022/11/07 11:42:36 [notice] 1#1: start worker process 20
2022/11/07 11:42:36 [notice] 1#1: start worker process 21
2022/11/07 11:42:36 [notice] 1#1: start worker process 22
2022/11/07 11:42:36 [notice] 1#1: start worker process 23
2022/11/07 11:42:36 [notice] 1#1: start worker process 24
2022/11/07 11:42:36 [notice] 1#1: start worker process 25
2022/11/07 11:49:29 [notice] 1#1: signal 3 (SIGQUIT) received, shutting down
2022/11/07 11:49:29 [notice] 23#23: gracefully shutting down
2022/11/07 11:49:29 [notice] 21#21: gracefully shutting down
2022/11/07 11:49:29 [notice] 20#20: gracefully shutting down
2022/11/07 11:49:29 [notice] 21#21: exiting
2022/11/07 11:49:29 [notice] 23#23: exiting
2022/11/07 11:49:29 [notice] 25#25: gracefully shutting down
2022/11/07 11:49:29 [notice] 21#21: exit
2022/11/07 11:49:29 [notice] 20#20: exiting
2022/11/07 11:49:29 [notice] 23#23: exit
2022/11/07 11:49:29 [notice] 25#25: exiting
2022/11/07 11:49:29 [notice] 22#22: gracefully shutting down
2022/11/07 11:49:29 [notice] 20#20: exit
2022/11/07 11:49:29 [notice] 25#25: exit
2022/11/07 11:49:29 [notice] 22#22: exiting
2022/11/07 11:49:29 [notice] 22#22: exit
2022/11/07 11:49:29 [notice] 24#24: gracefully shutting down
2022/11/07 11:49:29 [notice] 24#24: exiting
2022/11/07 11:49:29 [notice] 24#24: exit
2022/11/07 11:49:29 [notice] 1#1: signal 17 (SIGCHLD) received from 25
2022/11/07 11:49:29 [notice] 1#1: worker process 21 exited with code 0
2022/11/07 11:49:29 [notice] 1#1: worker process 23 exited with code 0
2022/11/07 11:49:29 [notice] 1#1: worker process 25 exited with code 0
2022/11/07 11:49:29 [notice] 1#1: signal 29 (SIGIO) received
2022/11/07 11:49:29 [notice] 1#1: signal 17 (SIGCHLD) received from 20
2022/11/07 11:49:29 [notice] 1#1: worker process 20 exited with code 0
2022/11/07 11:49:29 [notice] 1#1: worker process 22 exited with code 0
2022/11/07 11:49:29 [notice] 1#1: worker process 24 exited with code 0
2022/11/07 11:49:29 [notice] 1#1: exit
2022/11/07 11:52:27 [notice] 1#1: using the "epoll" event method
2022/11/07 11:52:27 [notice] 1#1: nginx/1.23.2
2022/11/07 11:52:27 [notice] 1#1: built by gcc 10.2.1 20210110 (Debian 10.2.1-6) 
2022/11/07 11:52:27 [notice] 1#1: OS: Linux 5.15.0-52-generic
2022/11/07 11:52:27 [notice] 1#1: getrlimit(RLIMIT_NOFILE): 1048576:1048576
2022/11/07 11:52:27 [notice] 1#1: start worker processes
2022/11/07 11:52:27 [notice] 1#1: start worker process 20
2022/11/07 11:52:27 [notice] 1#1: start worker process 21
2022/11/07 11:52:27 [notice] 1#1: start worker process 22
2022/11/07 11:52:27 [notice] 1#1: start worker process 23
2022/11/07 11:52:27 [notice] 1#1: start worker process 24
2022/11/07 11:52:27 [notice] 1#1: start worker process 25
2022/11/07 12:05:01 [notice] 1#1: signal 3 (SIGQUIT) received, shutting down
2022/11/07 12:05:01 [notice] 20#20: gracefully shutting down
2022/11/07 12:05:01 [notice] 24#24: gracefully shutting down
2022/11/07 12:05:01 [notice] 22#22: gracefully shutting down
2022/11/07 12:05:01 [notice] 21#21: gracefully shutting down
2022/11/07 12:05:01 [notice] 20#20: exiting
2022/11/07 12:05:01 [notice] 22#22: exiting
2022/11/07 12:05:01 [notice] 24#24: exiting
2022/11/07 12:05:01 [notice] 21#21: exiting
2022/11/07 12:05:01 [notice] 22#22: exit
2022/11/07 12:05:01 [notice] 20#20: exit
2022/11/07 12:05:01 [notice] 24#24: exit
2022/11/07 12:05:01 [notice] 21#21: exit
2022/11/07 12:05:01 [notice] 23#23: gracefully shutting down
2022/11/07 12:05:01 [notice] 23#23: exiting
2022/11/07 12:05:01 [notice] 23#23: exit
2022/11/07 12:05:01 [notice] 25#25: gracefully shutting down
2022/11/07 12:05:01 [notice] 25#25: exiting
2022/11/07 12:05:01 [notice] 25#25: exit
2022/11/07 12:05:01 [notice] 1#1: signal 17 (SIGCHLD) received from 21
2022/11/07 12:05:01 [notice] 1#1: worker process 21 exited with code 0
2022/11/07 12:05:01 [notice] 1#1: signal 29 (SIGIO) received
2022/11/07 12:05:01 [notice] 1#1: signal 17 (SIGCHLD) received from 25
2022/11/07 12:05:01 [notice] 1#1: worker process 25 exited with code 0
2022/11/07 12:05:01 [notice] 1#1: worker process 24 exited with code 0
2022/11/07 12:05:01 [notice] 1#1: signal 29 (SIGIO) received
2022/11/07 12:05:01 [notice] 1#1: signal 17 (SIGCHLD) received from 24
2022/11/07 12:05:01 [notice] 1#1: signal 17 (SIGCHLD) received from 20
2022/11/07 12:05:01 [notice] 1#1: worker process 20 exited with code 0
2022/11/07 12:05:01 [notice] 1#1: worker process 22 exited with code 0
2022/11/07 12:05:01 [notice] 1#1: worker process 23 exited with code 0
2022/11/07 12:05:01 [notice] 1#1: exit
2022/11/07 12:12:17 [notice] 1#1: using the "epoll" event method
2022/11/07 12:12:17 [notice] 1#1: nginx/1.23.2
2022/11/07 12:12:17 [notice] 1#1: built by gcc 10.2.1 20210110 (Debian 10.2.1-6) 
2022/11/07 12:12:17 [notice] 1#1: OS: Linux 5.15.0-52-generic
2022/11/07 12:12:17 [notice] 1#1: getrlimit(RLIMIT_NOFILE): 1048576:1048576
2022/11/07 12:12:17 [notice] 1#1: start worker processes
2022/11/07 12:12:17 [notice] 1#1: start worker process 20
2022/11/07 12:12:17 [notice] 1#1: start worker process 21
2022/11/07 12:12:17 [notice] 1#1: start worker process 22
2022/11/07 12:12:17 [notice] 1#1: start worker process 23
2022/11/07 12:12:17 [notice] 1#1: start worker process 24
2022/11/07 12:12:17 [notice] 1#1: start worker process 25
2022/11/07 12:19:06 [notice] 1#1: signal 3 (SIGQUIT) received, shutting down
2022/11/07 12:19:06 [notice] 21#21: gracefully shutting down
2022/11/07 12:19:06 [notice] 20#20: gracefully shutting down
2022/11/07 12:19:06 [notice] 22#22: gracefully shutting down
2022/11/07 12:19:06 [notice] 23#23: gracefully shutting down
2022/11/07 12:19:06 [notice] 21#21: exiting
2022/11/07 12:19:06 [notice] 20#20: exiting
2022/11/07 12:19:06 [notice] 23#23: exiting
2022/11/07 12:19:06 [notice] 22#22: exiting
2022/11/07 12:19:06 [notice] 21#21: exit
2022/11/07 12:19:06 [notice] 22#22: exit
2022/11/07 12:19:06 [notice] 20#20: exit
2022/11/07 12:19:06 [notice] 23#23: exit
2022/11/07 12:19:06 [notice] 25#25: gracefully shutting down
2022/11/07 12:19:06 [notice] 25#25: exiting
2022/11/07 12:19:06 [notice] 25#25: exit
2022/11/07 12:19:06 [notice] 24#24: gracefully shutting down
2022/11/07 12:19:06 [notice] 24#24: exiting
2022/11/07 12:19:06 [notice] 24#24: exit
2022/11/07 12:19:06 [notice] 1#1: signal 17 (SIGCHLD) received from 20
2022/11/07 12:19:06 [notice] 1#1: worker process 20 exited with code 0
2022/11/07 12:19:06 [notice] 1#1: worker process 21 exited with code 0
2022/11/07 12:19:06 [notice] 1#1: worker process 22 exited with code 0
2022/11/07 12:19:06 [notice] 1#1: worker process 23 exited with code 0
2022/11/07 12:19:06 [notice] 1#1: worker process 25 exited with code 0
2022/11/07 12:19:06 [notice] 1#1: signal 29 (SIGIO) received
2022/11/07 12:19:06 [notice] 1#1: signal 17 (SIGCHLD) received from 25
2022/11/07 12:19:06 [notice] 1#1: signal 17 (SIGCHLD) received from 24
2022/11/07 12:19:06 [notice] 1#1: worker process 24 exited with code 0
2022/11/07 12:19:06 [notice] 1#1: exit
2022/11/07 12:20:03 [notice] 1#1: using the "epoll" event method
2022/11/07 12:20:03 [notice] 1#1: nginx/1.23.2
2022/11/07 12:20:03 [notice] 1#1: built by gcc 10.2.1 20210110 (Debian 10.2.1-6) 
2022/11/07 12:20:03 [notice] 1#1: OS: Linux 5.15.0-52-generic
2022/11/07 12:20:03 [notice] 1#1: getrlimit(RLIMIT_NOFILE): 1048576:1048576
2022/11/07 12:20:03 [notice] 1#1: start worker processes
2022/11/07 12:20:03 [notice] 1#1: start worker process 20
2022/11/07 12:20:03 [notice] 1#1: start worker process 21
2022/11/07 12:20:03 [notice] 1#1: start worker process 22
2022/11/07 12:20:03 [notice] 1#1: start worker process 23
2022/11/07 12:20:03 [notice] 1#1: start worker process 24
2022/11/07 12:20:03 [notice] 1#1: start worker process 25
